#
# There is insufficient memory for the Java Runtime Environment to continue.
# Native memory allocation (mmap) failed to map 532676608 bytes for G1 virtual space
# Possible reasons:
#   The system is out of physical RAM or swap space
#   The process is running with CompressedOops enabled, and the Java Heap may be blocking the growth of the native heap
# Possible solutions:
#   Reduce memory load on the system
#   Increase physical memory or swap space
#   Check if swap backing store is full
#   Decrease Java heap size (-Xmx/-Xms)
#   Decrease number of Java threads
#   Decrease Java thread stack sizes (-Xss)
#   Set larger code cache with -XX:ReservedCodeCacheSize=
#   JVM is running with Zero Based Compressed Oops mode in which the Java heap is
#     placed in the first 32GB address space. The Java Heap base address is the
#     maximum limit for the native heap growth. Please use -XX:HeapBaseMinAddress
#     to set the Java Heap base and to place the Java Heap above 32GB virtual address.
# This output file may be truncated or incomplete.
#
#  Out of Memory Error (os_windows.cpp:3600), pid=53124, tid=53108
#
# JRE version:  (21.0.1+12) (build )
# Java VM: OpenJDK 64-Bit Server VM (21.0.1+12-29, mixed mode, sharing, tiered, compressed oops, compressed class ptrs, g1 gc, windows-amd64)
# No core dump will be written. Minidumps are not enabled by default on client versions of Windows
#

---------------  S U M M A R Y ------------

Command Line: -javaagent:C:\Users\user\AppData\Local\Programs\IntelliJ IDEA Community Edition\lib\idea_rt.jar=56149:C:\Users\user\AppData\Local\Programs\IntelliJ IDEA Community Edition\bin -Dfile.encoding=UTF-8 -Dsun.stdout.encoding=UTF-8 -Dsun.stderr.encoding=UTF-8 Main

Host: 13th Gen Intel(R) Core(TM) i9-13900K, 32 cores, 31G,  Windows 11 , 64 bit Build 22621 (10.0.22621.4391)
Time: Mon Jan 13 18:28:44 2025 Eastern Standard Time elapsed time: 0.005637 seconds (0d 0h 0m 0s)

---------------  T H R E A D  ---------------

Current thread (0x000001b626253a40):  JavaThread "Unknown thread" [_thread_in_vm, id=53108, stack(0x000000a441900000,0x000000a441a00000) (1024K)]

Stack: [0x000000a441900000,0x000000a441a00000]
Native frames: (J=compiled Java code, j=interpreted, Vv=VM code, C=native code)
V  [jvm.dll+0x6c9029]
V  [jvm.dll+0x854b81]
V  [jvm.dll+0x856e5e]
V  [jvm.dll+0x857543]
V  [jvm.dll+0x280c06]
V  [jvm.dll+0x6c5715]
V  [jvm.dll+0x6ba10a]
V  [jvm.dll+0x3557ea]
V  [jvm.dll+0x35d436]
V  [jvm.dll+0x3ae1be]
V  [jvm.dll+0x3ae468]
V  [jvm.dll+0x3291fc]
V  [jvm.dll+0x329d8b]
V  [jvm.dll+0x81d179]
V  [jvm.dll+0x3bb4f1]
V  [jvm.dll+0x805ae8]
V  [jvm.dll+0x44effe]
V  [jvm.dll+0x450901]
C  [jli.dll+0x52a3]
C  [ucrtbase.dll+0x29333]
C  [KERNEL32.DLL+0x1259d]
C  [ntdll.dll+0x5af38]


---------------  P R O C E S S  ---------------

Threads class SMR info:
_java_thread_list=0x00007ffd74749b88, length=0, elements={
}

Java Threads: ( => current thread )
Total: 0

Other Threads:
  0x000001b6286222e0 WorkerThread "GC Thread#0"                     [id=53424, stack(0x000000a441a00000,0x000000a441b00000) (1024K)]
  0x000001b628633180 ConcurrentGCThread "G1 Main Marker"            [id=53292, stack(0x000000a441b00000,0x000000a441c00000) (1024K)]
  0x000001b628633e30 WorkerThread "G1 Conc#0"                       [id=8728, stack(0x000000a441c00000,0x000000a441d00000) (1024K)]

[error occurred during error reporting (printing all threads), id 0xc0000005, EXCEPTION_ACCESS_VIOLATION (0xc0000005) at pc=0x00007ffd73ebc2c7]
VM state: not at safepoint (not fully initialized)

VM Mutex/Monitor currently owned by a thread:  ([mutex/lock_event])
[0x00007ffd747ba6f8] Heap_lock - owner thread: 0x000001b626253a40

Heap address: 0x0000000604000000, size: 8128 MB, Compressed Oops mode: Zero based, Oop shift amount: 3

CDS archive(s) mapped at: [0x0000000000000000-0x0000000000000000-0x0000000000000000), size 0, SharedBaseAddress: 0x0000000800000000, ArchiveRelocationMode: 1.
Narrow klass base: 0x0000000000000000, Narrow klass shift: 0, Narrow klass range: 0x0

GC Precious Log:
 CardTable entry size: 512
 Card Set container configuration: InlinePtr #cards 4 size 8 Array Of Cards #cards 32 size 80 Howl #buckets 8 coarsen threshold 7372 Howl Bitmap #cards 1024 size 144 coarsen threshold 921 Card regions per heap region 1 cards per card region 8192

Heap:
 garbage-first heap   total 0K, used 0K [0x0000000604000000, 0x0000000800000000)
  region size 4096K, 0 young (0K), 0 survivors (0K)

[error occurred during error reporting (printing heap information), id 0xc0000005, EXCEPTION_ACCESS_VIOLATION (0xc0000005) at pc=0x00007ffd742a1be9]
GC Heap History (0 events):
No events

Dll operation events (1 events):
Event: 0.003 Loaded shared library C:\Users\user\.jdks\openjdk-21.0.1\bin\java.dll

Deoptimization events (0 events):
No events

Classes loaded (0 events):
No events

Classes unloaded (0 events):
No events

Classes redefined (0 events):
No events

Internal exceptions (0 events):
No events

ZGC Phase Switch (0 events):
No events

VM Operations (0 events):
No events

Events (0 events):
No events


Dynamic libraries:
0x00007ff6c4530000 - 0x00007ff6c453e000 	C:\Users\user\.jdks\openjdk-21.0.1\bin\java.exe
0x00007ffe28630000 - 0x00007ffe28847000 	C:\WINDOWS\SYSTEM32\ntdll.dll
0x00007ffe26580000 - 0x00007ffe26644000 	C:\WINDOWS\System32\KERNEL32.DLL
0x00007ffe25930000 - 0x00007ffe25cea000 	C:\WINDOWS\System32\KERNELBASE.dll
0x00007ffe26190000 - 0x00007ffe262a1000 	C:\WINDOWS\System32\ucrtbase.dll
0x00007ffe20b70000 - 0x00007ffe20b88000 	C:\Users\user\.jdks\openjdk-21.0.1\bin\jli.dll
0x00007ffe20a20000 - 0x00007ffe20a3b000 	C:\Users\user\.jdks\openjdk-21.0.1\bin\VCRUNTIME140.dll
0x00007ffe28440000 - 0x00007ffe285ee000 	C:\WINDOWS\System32\USER32.dll
0x00007ffe19950000 - 0x00007ffe19be2000 	C:\WINDOWS\WinSxS\amd64_microsoft.windows.common-controls_6595b64144ccf1df_6.0.22621.4541_none_2710d1c57384c085\COMCTL32.dll
0x00007ffe25cf0000 - 0x00007ffe25d16000 	C:\WINDOWS\System32\win32u.dll
0x00007ffe279c0000 - 0x00007ffe27a67000 	C:\WINDOWS\System32\msvcrt.dll
0x00007ffe27d90000 - 0x00007ffe27db9000 	C:\WINDOWS\System32\GDI32.dll
0x00007ffe26070000 - 0x00007ffe2618b000 	C:\WINDOWS\System32\gdi32full.dll
0x00007ffe25fd0000 - 0x00007ffe2606a000 	C:\WINDOWS\System32\msvcp_win.dll
0x00007ffe267c0000 - 0x00007ffe267f1000 	C:\WINDOWS\System32\IMM32.DLL
0x00007ffe20fa0000 - 0x00007ffe20fac000 	C:\Users\user\.jdks\openjdk-21.0.1\bin\vcruntime140_1.dll
0x00007ffde79e0000 - 0x00007ffde7a6e000 	C:\Users\user\.jdks\openjdk-21.0.1\bin\msvcp140.dll
0x00007ffd73b80000 - 0x00007ffd74895000 	C:\Users\user\.jdks\openjdk-21.0.1\bin\server\jvm.dll
0x00007ffe282a0000 - 0x00007ffe28352000 	C:\WINDOWS\System32\ADVAPI32.dll
0x00007ffe27420000 - 0x00007ffe274c7000 	C:\WINDOWS\System32\sechost.dll
0x00007ffe25900000 - 0x00007ffe25928000 	C:\WINDOWS\System32\bcrypt.dll
0x00007ffe27a80000 - 0x00007ffe27b94000 	C:\WINDOWS\System32\RPCRT4.dll
0x00007ffe26800000 - 0x00007ffe26871000 	C:\WINDOWS\System32\WS2_32.dll
0x00007ffe24ab0000 - 0x00007ffe24afd000 	C:\WINDOWS\SYSTEM32\POWRPROF.dll
0x00007ffe1afb0000 - 0x00007ffe1afba000 	C:\WINDOWS\SYSTEM32\VERSION.dll
0x00007ffe12ac0000 - 0x00007ffe12af4000 	C:\WINDOWS\SYSTEM32\WINMM.dll
0x00007ffe24a90000 - 0x00007ffe24aa3000 	C:\WINDOWS\SYSTEM32\UMPDC.dll
0x00007ffe24980000 - 0x00007ffe24998000 	C:\WINDOWS\SYSTEM32\kernel.appcore.dll
0x00007ffe20b30000 - 0x00007ffe20b3a000 	C:\Users\user\.jdks\openjdk-21.0.1\bin\jimage.dll
0x00007ffe23120000 - 0x00007ffe23352000 	C:\WINDOWS\SYSTEM32\DBGHELP.DLL
0x00007ffe27f10000 - 0x00007ffe2829f000 	C:\WINDOWS\System32\combase.dll
0x00007ffe27340000 - 0x00007ffe27417000 	C:\WINDOWS\System32\OLEAUT32.dll
0x00007ffe1a240000 - 0x00007ffe1a272000 	C:\WINDOWS\SYSTEM32\dbgcore.DLL
0x00007ffe262b0000 - 0x00007ffe2632b000 	C:\WINDOWS\System32\bcryptPrimitives.dll
0x00007ffe18040000 - 0x00007ffe1804f000 	C:\Users\user\.jdks\openjdk-21.0.1\bin\instrument.dll
0x00007ffe20760000 - 0x00007ffe2077f000 	C:\Users\user\.jdks\openjdk-21.0.1\bin\java.dll

dbghelp: loaded successfully - version: 4.0.5 - missing functions: none
symbol engine: initialized successfully - sym options: 0x614 - pdb path: .;C:\Users\user\.jdks\openjdk-21.0.1\bin;C:\WINDOWS\SYSTEM32;C:\WINDOWS\WinSxS\amd64_microsoft.windows.common-controls_6595b64144ccf1df_6.0.22621.4541_none_2710d1c57384c085;C:\Users\user\.jdks\openjdk-21.0.1\bin\server

VM Arguments:
jvm_args: -javaagent:C:\Users\user\AppData\Local\Programs\IntelliJ IDEA Community Edition\lib\idea_rt.jar=56149:C:\Users\user\AppData\Local\Programs\IntelliJ IDEA Community Edition\bin -Dfile.encoding=UTF-8 -Dsun.stdout.encoding=UTF-8 -Dsun.stderr.encoding=UTF-8 
java_command: Main
java_class_path (initial): C:\Users\user\IdeaProjects\Leet-Code\out\production\Leet-Code;C:\Users\user\.m2\repository\org\jetbrains\kotlin\kotlin-stdlib-jdk8\1.9.24\kotlin-stdlib-jdk8-1.9.24.jar;C:\Users\user\.m2\repository\org\jetbrains\kotlin\kotlin-stdlib\1.9.24\kotlin-stdlib-1.9.24.jar;C:\Users\user\.m2\repository\org\jetbrains\annotations\13.0\annotations-13.0.jar;C:\Users\user\.m2\repository\org\jetbrains\kotlin\kotlin-stdlib-jdk7\1.9.24\kotlin-stdlib-jdk7-1.9.24.jar
Launcher Type: SUN_STANDARD

[Global flags]
     intx CICompilerCount                          = 15                                        {product} {ergonomic}
     uint ConcGCThreads                            = 6                                         {product} {ergonomic}
     uint G1ConcRefinementThreads                  = 23                                        {product} {ergonomic}
   size_t G1HeapRegionSize                         = 4194304                                   {product} {ergonomic}
    uintx GCDrainStackTargetSize                   = 64                                        {product} {ergonomic}
   size_t InitialHeapSize                          = 532676608                                 {product} {ergonomic}
   size_t MarkStackSize                            = 4194304                                   {product} {ergonomic}
   size_t MaxHeapSize                              = 8522825728                                {product} {ergonomic}
   size_t MinHeapDeltaBytes                        = 4194304                                   {product} {ergonomic}
   size_t MinHeapSize                              = 8388608                                   {product} {ergonomic}
    uintx NonNMethodCodeHeapSize                   = 8192380                                {pd product} {ergonomic}
    uintx NonProfiledCodeHeapSize                  = 121732930                              {pd product} {ergonomic}
    uintx ProfiledCodeHeapSize                     = 121732930                              {pd product} {ergonomic}
    uintx ReservedCodeCacheSize                    = 251658240                              {pd product} {ergonomic}
     bool SegmentedCodeCache                       = true                                      {product} {ergonomic}
   size_t SoftMaxHeapSize                          = 8522825728                             {manageable} {ergonomic}
     bool UseCompressedOops                        = true                           {product lp64_product} {ergonomic}
     bool UseG1GC                                  = true                                      {product} {ergonomic}
     bool UseLargePagesIndividualAllocation        = false                                  {pd product} {ergonomic}

Logging:
Log output configuration:
 #0: stdout all=warning uptime,level,tags foldmultilines=false
 #1: stderr all=off uptime,level,tags foldmultilines=false

Environment Variables:
PATH=C:\Program Files\Microsoft MPI\Bin\;C:\Program Files (x86)\Razer Chroma SDK\bin;C:\Program Files\Razer Chroma SDK\bin;C:\Program Files (x86)\Common Files\Intel\Shared Libraries\redist\intel64\compiler;C:\Program Files (x86)\Razer\ChromaBroadcast\bin;C:\Program Files\Razer\ChromaBroadcast\bin;C:\Windows\system32;C:\Windows;C:\Windows\System32\Wbem;C:\Windows\System32\WindowsPowerShell\v1.0\;C:\Windows\System32\OpenSSH\;C:\Program Files (x86)\NVIDIA Corporation\PhysX\Common;C:\Windows\system32\config\systemprofile\AppData\Local\Microsoft\WindowsApps;C:\Program Files\dotnet\;C:\WINDOWS\system32;C:\WINDOWS;C:\WINDOWS\System32\Wbem;C:\WINDOWS\System32\WindowsPowerShell\v1.0\;C:\WINDOWS\System32\OpenSSH\;C:\WINDOWS\system32\config\systemprofile\AppData\Local\Microsoft\WindowsApps;C:\Program Files\Git\cmd;C:\Program Files\NVIDIA Corporation\NVIDIA app\NvDLISR;C:\Users\user\AppData\Local\Microsoft\WindowsApps;C:\Users\user\AppData\Local\JetBrains\Toolbox\scripts;;C:\Users\user\AppData\Local\Programs\Microsoft VS Code\bin
USERNAME=user
OS=Windows_NT
PROCESSOR_IDENTIFIER=Intel64 Family 6 Model 183 Stepping 1, GenuineIntel
TMP=C:\Users\user\AppData\Local\Temp
TEMP=C:\Users\user\AppData\Local\Temp




Periodic native trim disabled

---------------  S Y S T E M  ---------------

OS:
 Windows 11 , 64 bit Build 22621 (10.0.22621.4391)
OS uptime: 4 days 22:08 hours
Hyper-V role detected

CPU: total 32 (initial active 32) (16 cores per cpu, 2 threads per core) family 6 model 183 stepping 1 microcode 0x115, cx8, cmov, fxsr, ht, mmx, 3dnowpref, sse, sse2, sse3, ssse3, sse4.1, sse4.2, popcnt, lzcnt, tsc, tscinvbit, avx, avx2, aes, erms, clmul, bmi1, bmi2, adx, sha, fma, vzeroupper, clflush, clflushopt, clwb, hv, serialize, rdtscp, rdpid, fsrm, f16c, cet_ibt, cet_ss
Processor Information for all 32 processors :
  Max Mhz: 3000, Current Mhz: 3000, Mhz Limit: 3000

Memory: 4k page, system-wide physical 32508M (8868M free)
TotalPageFile size 47480M (AvailPageFile size 422M)
current process WorkingSet (physical memory assigned to process): 12M, peak: 12M
current process commit charge ("private bytes"): 92M, peak: 600M

vm_info: OpenJDK 64-Bit Server VM (21.0.1+12-29) for windows-amd64 JRE (21.0.1+12-29), built on 2023-10-05T13:27:09Z by "mach5one" with MS VC++ 17.1 (VS2022)

END.
